\BOOKMARK [0][-]{chapter.1}{\376\377\000F\000i\000l\000e\000\040\000I\000n\000d\000e\000x}{}% 1
\BOOKMARK [1][-]{section.1.1}{\376\377\000F\000i\000l\000e\000\040\000L\000i\000s\000t}{chapter.1}% 2
\BOOKMARK [0][-]{chapter.2}{\376\377\000F\000i\000l\000e\000\040\000D\000o\000c\000u\000m\000e\000n\000t\000a\000t\000i\000o\000n}{}% 3
\BOOKMARK [1][-]{section.2.1}{\376\377\000D\000S\0001\0008\0002\0000\000.\000c\000\040\000F\000i\000l\000e\000\040\000R\000e\000f\000e\000r\000e\000n\000c\000e}{chapter.2}% 4
\BOOKMARK [2][-]{subsection.2.1.1}{\376\377\000D\000e\000t\000a\000i\000l\000e\000d\000\040\000D\000e\000s\000c\000r\000i\000p\000t\000i\000o\000n}{section.2.1}% 5
\BOOKMARK [2][-]{subsection.2.1.2}{\376\377\000F\000u\000n\000c\000t\000i\000o\000n\000\040\000D\000o\000c\000u\000m\000e\000n\000t\000a\000t\000i\000o\000n}{section.2.1}% 6
\BOOKMARK [3][-]{subsubsection.2.1.2.1}{\376\377\000D\000S\0001\0008\0002\0000\000\137\000C\000o\000n\000f\000i\000g\000u\000r\000a\000t\000i\000o\000n\000R\000e\000c\000a\000l\000l}{subsection.2.1.2}% 7
\BOOKMARK [3][-]{subsubsection.2.1.2.2}{\376\377\000D\000S\0001\0008\0002\0000\000\137\000C\000o\000n\000f\000i\000g\000u\000r\000a\000t\000i\000o\000n\000S\000t\000o\000r\000e}{subsection.2.1.2}% 8
\BOOKMARK [3][-]{subsubsection.2.1.2.3}{\376\377\000D\000S\0001\0008\0002\0000\000\137\000I\000n\000i\000t}{subsection.2.1.2}% 9
\BOOKMARK [3][-]{subsubsection.2.1.2.4}{\376\377\000D\000S\0001\0008\0002\0000\000\137\000P\000o\000w\000e\000r\000T\000y\000p\000e\000G\000e\000t}{subsection.2.1.2}% 10
\BOOKMARK [3][-]{subsubsection.2.1.2.5}{\376\377\000D\000S\0001\0008\0002\0000\000\137\000S\000e\000a\000r\000c\000h}{subsection.2.1.2}% 11
\BOOKMARK [3][-]{subsubsection.2.1.2.6}{\376\377\000D\000S\0001\0008\0002\0000\000\137\000T\000e\000m\000p\000e\000r\000a\000t\000u\000r\000e\000A\000l\000a\000r\000m\000G\000e\000t}{subsection.2.1.2}% 12
\BOOKMARK [3][-]{subsubsection.2.1.2.7}{\376\377\000D\000S\0001\0008\0002\0000\000\137\000T\000e\000m\000p\000e\000r\000a\000t\000u\000r\000e\000A\000l\000a\000r\000m\000S\000e\000t}{subsection.2.1.2}% 13
\BOOKMARK [3][-]{subsubsection.2.1.2.8}{\376\377\000D\000S\0001\0008\0002\0000\000\137\000T\000e\000m\000p\000e\000r\000a\000t\000u\000r\000e\000C\000o\000n\000v\000e\000r\000t}{subsection.2.1.2}% 14
\BOOKMARK [3][-]{subsubsection.2.1.2.9}{\376\377\000D\000S\0001\0008\0002\0000\000\137\000T\000e\000m\000p\000e\000r\000a\000t\000u\000r\000e\000G\000e\000t}{subsection.2.1.2}% 15
\BOOKMARK [1][-]{section.2.2}{\376\377\000D\000S\0001\0008\0002\0000\000.\000h\000\040\000F\000i\000l\000e\000\040\000R\000e\000f\000e\000r\000e\000n\000c\000e}{chapter.2}% 16
\BOOKMARK [2][-]{subsection.2.2.1}{\376\377\000D\000e\000t\000a\000i\000l\000e\000d\000\040\000D\000e\000s\000c\000r\000i\000p\000t\000i\000o\000n}{section.2.2}% 17
\BOOKMARK [2][-]{subsection.2.2.2}{\376\377\000F\000u\000n\000c\000t\000i\000o\000n\000\040\000D\000o\000c\000u\000m\000e\000n\000t\000a\000t\000i\000o\000n}{section.2.2}% 18
\BOOKMARK [3][-]{subsubsection.2.2.2.1}{\376\377\000D\000S\0001\0008\0002\0000\000\137\000C\000o\000n\000f\000i\000g\000u\000r\000a\000t\000i\000o\000n\000R\000e\000c\000a\000l\000l}{subsection.2.2.2}% 19
\BOOKMARK [3][-]{subsubsection.2.2.2.2}{\376\377\000D\000S\0001\0008\0002\0000\000\137\000C\000o\000n\000f\000i\000g\000u\000r\000a\000t\000i\000o\000n\000S\000t\000o\000r\000e}{subsection.2.2.2}% 20
\BOOKMARK [3][-]{subsubsection.2.2.2.3}{\376\377\000D\000S\0001\0008\0002\0000\000\137\000I\000n\000i\000t}{subsection.2.2.2}% 21
\BOOKMARK [3][-]{subsubsection.2.2.2.4}{\376\377\000D\000S\0001\0008\0002\0000\000\137\000P\000o\000w\000e\000r\000T\000y\000p\000e\000G\000e\000t}{subsection.2.2.2}% 22
\BOOKMARK [3][-]{subsubsection.2.2.2.5}{\376\377\000D\000S\0001\0008\0002\0000\000\137\000S\000e\000a\000r\000c\000h}{subsection.2.2.2}% 23
\BOOKMARK [3][-]{subsubsection.2.2.2.6}{\376\377\000D\000S\0001\0008\0002\0000\000\137\000T\000e\000m\000p\000e\000r\000a\000t\000u\000r\000e\000A\000l\000a\000r\000m\000G\000e\000t}{subsection.2.2.2}% 24
\BOOKMARK [3][-]{subsubsection.2.2.2.7}{\376\377\000D\000S\0001\0008\0002\0000\000\137\000T\000e\000m\000p\000e\000r\000a\000t\000u\000r\000e\000A\000l\000a\000r\000m\000S\000e\000t}{subsection.2.2.2}% 25
\BOOKMARK [3][-]{subsubsection.2.2.2.8}{\376\377\000D\000S\0001\0008\0002\0000\000\137\000T\000e\000m\000p\000e\000r\000a\000t\000u\000r\000e\000C\000o\000n\000v\000e\000r\000t}{subsection.2.2.2}% 26
\BOOKMARK [3][-]{subsubsection.2.2.2.9}{\376\377\000D\000S\0001\0008\0002\0000\000\137\000T\000e\000m\000p\000e\000r\000a\000t\000u\000r\000e\000G\000e\000t}{subsection.2.2.2}% 27
\BOOKMARK [1][-]{section.2.3}{\376\377\000E\000x\000a\000m\000p\000l\000e\000\137\000D\000S\0001\0008\0002\0000\000.\000c\000\040\000F\000i\000l\000e\000\040\000R\000e\000f\000e\000r\000e\000n\000c\000e}{chapter.2}% 28
\BOOKMARK [2][-]{subsection.2.3.1}{\376\377\000D\000e\000t\000a\000i\000l\000e\000d\000\040\000D\000e\000s\000c\000r\000i\000p\000t\000i\000o\000n}{section.2.3}% 29
